<?xml version="1.0" encoding="UTF-8"?>
<!-- Generated by org.testng.reporters.JUnitReportReporter -->
<testsuite skipped="0" hostname="pavan-ThinkPad-T460" name="com.core_api.DemoTest" tests="1" failures="0" timestamp="2020-04-02T19:03:53 IST" time="3.027" errors="0">
  <testcase name="demo" time="3.027" classname="com.core_api.DemoTest"/>
  <system-out/>
</testsuite> <!-- com.core_api.DemoTest -->
