<?xml version="1.0" encoding="UTF-8"?>
<!-- Generated by org.testng.reporters.JUnitReportReporter -->
<testsuite skipped="0" hostname="pavan-ThinkPad-T460" name="demotest.DemoTest" tests="1" failures="0" timestamp="2020-04-06T20:00:19 IST" time="1.616" errors="0">
  <testcase name="demo" time="1.616" classname="demotest.DemoTest"/>
</testsuite> <!-- demotest.DemoTest -->
